{
  "stats": {
    "suites": 1,
    "tests": 1,
    "passes": 1,
    "pending": 0,
    "failures": 0,
    "start": "2023-12-25T12:38:28.027Z",
    "end": "2023-12-25T12:41:06.357Z",
    "duration": 158330,
    "testsRegistered": 1,
    "passPercent": 100,
    "pendingPercent": 0,
    "other": 0,
    "hasOther": false,
    "skipped": 0,
    "hasSkipped": false
  },
  "results": [
    {
      "uuid": "45a8b23c-e834-4601-b4d1-6d729c64c948",
      "title": "",
      "fullFile": "D:\\SeleniumFramework\\Selenium-javascript\\test\\test.js",
      "file": "\\test\\test.js",
      "beforeHooks": [],
      "afterHooks": [],
      "tests": [],
      "suites": [
        {
          "uuid": "23a95dc4-deb2-4c9d-93ce-610357c396a3",
          "title": "Salesforce functionality",
          "fullFile": "D:\\SeleniumFramework\\Selenium-javascript\\test\\test.js",
          "file": "\\test\\test.js",
          "beforeHooks": [
            {
              "title": "\"before all\" hook in \"Salesforce functionality\"",
              "fullTitle": "Salesforce functionality \"before all\" hook in \"Salesforce functionality\"",
              "timedOut": false,
              "duration": 2899,
              "state": null,
              "speed": null,
              "pass": false,
              "fail": false,
              "pending": false,
              "context": null,
              "code": "driver = await new Builder().forBrowser(\"chrome\").build();",
              "err": {},
              "uuid": "b2123c98-9217-4512-bd3a-91b66752eccc",
              "parentUUID": "23a95dc4-deb2-4c9d-93ce-610357c396a3",
              "isHook": true,
              "skipped": false
            }
          ],
          "afterHooks": [],
          "tests": [
            {
              "title": "Clicked on the system administrator successfully",
              "fullTitle": "Salesforce functionality Clicked on the system administrator successfully",
              "timedOut": false,
              "duration": 155414,
              "state": "passed",
              "speed": "slow",
              "pass": true,
              "fail": false,
              "pending": false,
              "context": null,
              "code": "const url = \"https://data-data-3699.my.salesforce.com/\";\nawait driver.manage().setTimeouts({ implicit: 20000 });\nawait driver.manage().window().maximize();\n  \nawait driver.get(url);\n  \n  \n\nawait driver.findElement(By.xpath(username)).sendKeys(\"nightmarearmy420@gmail.com\");\nawait driver.findElement(By.xpath(password)).sendKeys(\"Abcd1234\");\nawait driver.findElement(By.xpath(login)).click();\n// await new Promise(resolve => setTimeout(resolve, 8000));\n  \n\n  \nawait driver.findElement(By.xpath(quicksetup)).click();\nawait driver.findElement(By.xpath(advancesetup)).click();\nconst handles = await driver.getAllWindowHandles();\nawait driver.switchTo().window(handles[1]);\n// await new Promise(resolve => setTimeout(resolve, 5000));\nawait driver.findElement(By.xpath(users)).click();\nawait driver.findElement(By.xpath(profile)).click();\nawait driver.executeScript('arguments[0].scrollIntoView();', await driver.findElement(By.xpath(sysAdmin)));\nawait driver.findElement(By.xpath(sysAdmin)).click();\nconsole.log(\"Passed\");",
              "err": {},
              "uuid": "659d35cd-c631-40fd-aadf-c02c86792e9c",
              "parentUUID": "23a95dc4-deb2-4c9d-93ce-610357c396a3",
              "isHook": false,
              "skipped": false
            }
          ],
          "suites": [],
          "passes": [
            "659d35cd-c631-40fd-aadf-c02c86792e9c"
          ],
          "failures": [],
          "pending": [],
          "skipped": [],
          "duration": 155414,
          "root": false,
          "rootEmpty": false,
          "_timeout": 0
        }
      ],
      "passes": [],
      "failures": [],
      "pending": [],
      "skipped": [],
      "duration": 0,
      "root": true,
      "rootEmpty": true,
      "_timeout": 0
    }
  ],
  "meta": {
    "mocha": {
      "version": "10.2.0"
    },
    "mochawesome": {
      "options": {
        "quiet": false,
        "reportFilename": "testResults",
        "saveHtml": true,
        "saveJson": true,
        "consoleReporter": "spec",
        "useInlineDiffs": false,
        "code": true
      },
      "version": "7.1.3"
    },
    "marge": {
      "options": {
        "reportDir": "D://SeleniumFramework/Selenium-javascript/testReports",
        "reportFilename": "testResults"
      },
      "version": "6.2.0"
    }
  }
}