{
  "stats": {
    "suites": 2,
    "tests": 4,
    "passes": 3,
    "pending": 0,
    "failures": 1,
    "start": "2023-12-16T11:49:24.805Z",
    "end": "2023-12-16T11:51:06.842Z",
    "duration": 102037,
    "testsRegistered": 4,
    "passPercent": 75,
    "pendingPercent": 0,
    "other": 0,
    "hasOther": false,
    "skipped": 0,
    "hasSkipped": false
  },
  "results": [
    {
      "uuid": "b52fdfae-3d9c-4076-944a-8f4343e2b5bf",
      "title": "",
      "fullFile": "",
      "file": "",
      "beforeHooks": [],
      "afterHooks": [],
      "tests": [],
      "suites": [
        {
          "uuid": "d46fc9ed-de66-4209-8f1e-701c7ba1623f",
          "title": "Searching for a country and her capital",
          "fullFile": "D:\\SeleniumFramework\\Selenium-javascript\\test\\test2.js",
          "file": "\\test\\test2.js",
          "beforeHooks": [
            {
              "title": "\"before all\" hook in \"Searching for a country and her capital\"",
              "fullTitle": "Searching for a country and her capital \"before all\" hook in \"Searching for a country and her capital\"",
              "timedOut": null,
              "duration": 50675,
              "state": null,
              "speed": null,
              "pass": false,
              "fail": false,
              "pending": null,
              "context": null,
              "code": "driver = await new Builder().forBrowser(\"chrome\").build();",
              "err": {},
              "uuid": "8ca7dea4-ebb5-473a-8ad2-59eaf20086f8",
              "parentUUID": null,
              "isHook": true,
              "skipped": false
            }
          ],
          "afterHooks": [
            {
              "title": "\"after all\" hook in \"Searching for a country and her capital\"",
              "fullTitle": "Searching for a country and her capital \"after all\" hook in \"Searching for a country and her capital\"",
              "timedOut": null,
              "duration": 5207,
              "state": null,
              "speed": null,
              "pass": false,
              "fail": false,
              "pending": null,
              "context": null,
              "code": "driver && driver.quit()",
              "err": {},
              "uuid": "69e01f2c-f248-4438-8320-e0033f004632",
              "parentUUID": null,
              "isHook": true,
              "skipped": false
            }
          ],
          "tests": [
            {
              "title": "Search on Google a Country",
              "fullTitle": "Searching for a country and her capital Search on Google a Country",
              "timedOut": null,
              "duration": 26946,
              "state": "passed",
              "speed": "slow",
              "pass": true,
              "fail": false,
              "pending": false,
              "context": null,
              "code": "await driver.manage().window().maximize();\nawait driver.get(\"https://google.com\");\nawait driver.findElement(By.name(\"q\")).click();\nawait driver.findElement(By.name(\"q\")).sendKeys(\"Bangladesh\", Key.RETURN);\n\nawait driver.wait(until.elementLocated(By.id(\"rcnt\")), 10000);\nawait driver.findElement(By.name(\"q\")).clear();\nlet title = await driver.getTitle();\nassert.equal(title, \"Bangladesh - Google Search\");",
              "err": {},
              "uuid": "5dfa8f24-a02a-476c-8cdc-c543b4d5aba6",
              "parentUUID": null,
              "isHook": false,
              "skipped": false
            },
            {
              "title": "Search on Google a city",
              "fullTitle": "Searching for a country and her capital Search on Google a city",
              "timedOut": null,
              "duration": 12191,
              "state": "passed",
              "speed": "slow",
              "pass": true,
              "fail": false,
              "pending": false,
              "context": null,
              "code": "// await driver.get(\"https://google.com\");\nawait driver.findElement(By.name(\"q\")).click();\nawait driver.findElement(By.name(\"q\")).sendKeys(\"Chattogram\", Key.RETURN);\nawait driver.wait(until.elementLocated(By.id(\"rcnt\")), 10000);\nawait driver.findElement(By.name(\"q\")).clear();\nlet title = await driver.getTitle();\nassert.equal(title, \"Chattogram - Google Search\");",
              "err": {},
              "uuid": "6f00a5c3-8ecd-4fd0-9090-25345a3f17fe",
              "parentUUID": null,
              "isHook": false,
              "skipped": false
            }
          ],
          "suites": [],
          "passes": [
            "5dfa8f24-a02a-476c-8cdc-c543b4d5aba6",
            "6f00a5c3-8ecd-4fd0-9090-25345a3f17fe"
          ],
          "failures": [],
          "pending": [],
          "skipped": [],
          "duration": 39137,
          "root": false,
          "rootEmpty": false,
          "_timeout": null
        },
        {
          "uuid": "76249d14-a407-4f9e-a07f-178858007835",
          "title": "Searching for a country and her capital",
          "fullFile": "D:\\SeleniumFramework\\Selenium-javascript\\test\\test.js",
          "file": "\\test\\test.js",
          "beforeHooks": [
            {
              "title": "\"before all\" hook in \"Searching for a country and her capital\"",
              "fullTitle": "Searching for a country and her capital \"before all\" hook in \"Searching for a country and her capital\"",
              "timedOut": null,
              "duration": 50721,
              "state": null,
              "speed": null,
              "pass": false,
              "fail": false,
              "pending": null,
              "context": null,
              "code": "driver = await new Builder().forBrowser(\"chrome\").build();",
              "err": {},
              "uuid": "361815b8-8372-4f80-b93b-9608f91c403f",
              "parentUUID": null,
              "isHook": true,
              "skipped": false
            }
          ],
          "afterHooks": [
            {
              "title": "\"after all\" hook in \"Searching for a country and her capital\"",
              "fullTitle": "Searching for a country and her capital \"after all\" hook in \"Searching for a country and her capital\"",
              "timedOut": null,
              "duration": 8273,
              "state": null,
              "speed": null,
              "pass": false,
              "fail": false,
              "pending": null,
              "context": null,
              "code": "driver && driver.quit()",
              "err": {},
              "uuid": "891cf424-364e-4c8f-ac80-9ab186f88d18",
              "parentUUID": null,
              "isHook": true,
              "skipped": false
            }
          ],
          "tests": [
            {
              "title": "Search on Google a Country",
              "fullTitle": "Searching for a country and her capital Search on Google a Country",
              "timedOut": null,
              "duration": 26787,
              "state": "passed",
              "speed": "slow",
              "pass": true,
              "fail": false,
              "pending": false,
              "context": null,
              "code": "await driver.manage().window().maximize();\nawait driver.get(\"https://google.com\");\nawait driver.findElement(By.name(\"q\")).click();\nawait driver.findElement(By.name(\"q\")).sendKeys(\"Bangladesh\", Key.RETURN);\n\nawait driver.wait(until.elementLocated(By.id(\"rcnt\")), 10000);\nawait driver.findElement(By.name(\"q\")).clear();\nlet title = await driver.getTitle();\nassert.equal(title, \"Bangladesh - Google Search\");",
              "err": {},
              "uuid": "94e1ab67-9565-440c-a6c3-def63870cecb",
              "parentUUID": null,
              "isHook": false,
              "skipped": false
            },
            {
              "title": "Search on Google a city",
              "fullTitle": "Searching for a country and her capital Search on Google a city",
              "timedOut": null,
              "duration": 13126,
              "state": "failed",
              "speed": null,
              "pass": false,
              "fail": true,
              "pending": false,
              "context": null,
              "code": "await driver.get(\"https://google.com\");\nawait driver.findElement(By.name(\"q\")).click();\nawait driver.findElement(By.name(\"q\")).sendKeys(\"Dhaka\", Key.RETURN);\nawait driver.wait(until.elementLocated(By.id(\"rcnt\")), 10000);\nawait driver.findElement(By.name(\"q\")).clear();\nlet title = await driver.getTitle();\nassert.equal(title, \"Dhaka - Google Search\");",
              "err": {
                "message": "TimeoutError: Waiting for element to be located By(css selector, *[id=\"rcnt\"])\nWait timed out after 10673ms",
                "estack": "TimeoutError: Waiting for element to be located By(css selector, *[id=\"rcnt\"])\nWait timed out after 10673ms\n    at D:\\SeleniumFramework\\Selenium-javascript\\node_modules\\selenium-webdriver\\lib\\webdriver.js:929:17\n    at process.processTicksAndRejections (node:internal/process/task_queues:95:5)",
                "diff": null
              },
              "uuid": "c442476c-ad33-4cab-a5db-69a8cf3b3cec",
              "parentUUID": null,
              "isHook": false,
              "skipped": false
            }
          ],
          "suites": [],
          "passes": [
            "94e1ab67-9565-440c-a6c3-def63870cecb"
          ],
          "failures": [
            "c442476c-ad33-4cab-a5db-69a8cf3b3cec"
          ],
          "pending": [],
          "skipped": [],
          "duration": 39913,
          "root": false,
          "rootEmpty": false,
          "_timeout": null
        }
      ],
      "passes": [],
      "failures": [],
      "pending": [],
      "skipped": [],
      "duration": 0,
      "root": true,
      "rootEmpty": true,
      "_timeout": 0
    }
  ],
  "meta": {
    "mocha": {
      "version": "10.2.0"
    },
    "mochawesome": {
      "options": {
        "quiet": false,
        "reportFilename": "mochawesome",
        "saveHtml": true,
        "saveJson": true,
        "consoleReporter": "spec",
        "useInlineDiffs": false,
        "code": true
      },
      "version": "7.1.3"
    },
    "marge": {
      "options": null,
      "version": "6.2.0"
    }
  }
}